# JRE version: OpenJDK Runtime Environment (11.0.7+10) (build 11.0.7+10-LTS)
# Java VM: OpenJDK 64-Bit Server VM (11.0.7+10-LTS, mixed mode, tiered, compressed oops, g1 gc, windows-amd64)
Heap:
 garbage-first heap   total 312320K, used 26613K [0x0000000702200000, 0x0000000800000000)
  region size 1024K, 18 young (18432K), 14 survivors (14336K)
 Metaspace       used 59020K, capacity 60368K, committed 60496K, reserved 1101824K
  class space    used 7116K, capacity 7646K, committed 7680K, reserved 1048576K
GC Heap History (20 events):
Event: 0.905 GC heap before
{Heap before GC invocations=0 (full 0):
 garbage-first heap   total 260096K, used 24576K [0x0000000702200000, 0x0000000800000000)
  region size 1024K, 24 young (24576K), 0 survivors (0K)
 Metaspace       used 11588K, capacity 11713K, committed 11904K, reserved 1060864K
  class space    used 1027K, capacity 1067K, committed 1152K, reserved 1048576K
}
Event: 0.911 GC heap after
{Heap after GC invocations=1 (full 0):
 garbage-first heap   total 260096K, used 8281K [0x0000000702200000, 0x0000000800000000)
  region size 1024K, 3 young (3072K), 3 survivors (3072K)
 Metaspace       used 11588K, capacity 11713K, committed 11904K, reserved 1060864K
  class space    used 1027K, capacity 1067K, committed 1152K, reserved 1048576K
}
Event: 1.161 GC heap before
{Heap before GC invocations=1 (full 0):
 garbage-first heap   total 260096K, used 27737K [0x0000000702200000, 0x0000000800000000)
  region size 1024K, 22 young (22528K), 3 survivors (3072K)
 Metaspace       used 13802K, capacity 14025K, committed 14208K, reserved 1062912K
  class space    used 1291K, capacity 1372K, committed 1408K, reserved 1048576K
}
Event: 1.165 GC heap after
{Heap after GC invocations=2 (full 0):
 garbage-first heap   total 260096K, used 8879K [0x0000000702200000, 0x0000000800000000)
  region size 1024K, 1 young (1024K), 1 survivors (1024K)
 Metaspace       used 13802K, capacity 14025K, committed 14208K, reserved 1062912K
  class space    used 1291K, capacity 1372K, committed 1408K, reserved 1048576K
}
Event: 1.435 GC heap before
{Heap before GC invocations=2 (full 0):
 garbage-first heap   total 260096K, used 59055K [0x0000000702200000, 0x0000000800000000)
  region size 1024K, 51 young (52224K), 1 survivors (1024K)
 Metaspace       used 15669K, capacity 15886K, committed 16000K, reserved 1062912K
  class space    used 1529K, capacity 1613K, committed 1664K, reserved 1048576K
}
Event: 1.437 GC heap after
{Heap after GC invocations=3 (full 0):
 garbage-first heap   total 260096K, used 9155K [0x0000000702200000, 0x0000000800000000)
  region size 1024K, 1 young (1024K), 1 survivors (1024K)
 Metaspace       used 15669K, capacity 15886K, committed 16000K, reserved 1062912K
  class space    used 1529K, capacity 1613K, committed 1664K, reserved 1048576K
}
Event: 1.895 GC heap before
{Heap before GC invocations=3 (full 0):
 garbage-first heap   total 260096K, used 57283K [0x0000000702200000, 0x0000000800000000)
  region size 1024K, 49 young (50176K), 1 survivors (1024K)
 Metaspace       used 20690K, capacity 21113K, committed 21296K, reserved 1069056K
  class space    used 2150K, capacity 2344K, committed 2432K, reserved 1048576K
}
Event: 1.900 GC heap after
{Heap after GC invocations=4 (full 0):
 garbage-first heap   total 260096K, used 10237K [0x0000000702200000, 0x0000000800000000)
  region size 1024K, 2 young (2048K), 2 survivors (2048K)
 Metaspace       used 20690K, capacity 21113K, committed 21296K, reserved 1069056K
  class space    used 2150K, capacity 2344K, committed 2432K, reserved 1048576K
}
Event: 2.514 GC heap before
{Heap before GC invocations=5 (full 0):
 garbage-first heap   total 260096K, used 98301K [0x0000000702200000, 0x0000000800000000)
  region size 1024K, 86 young (88064K), 2 survivors (2048K)
 Metaspace       used 27803K, capacity 28404K, committed 28464K, reserved 1075200K
  class space    used 2956K, capacity 3172K, committed 3200K, reserved 1048576K
}
Event: 2.519 GC heap after
{Heap after GC invocations=6 (full 0):
 garbage-first heap   total 260096K, used 11665K [0x0000000702200000, 0x0000000800000000)
  region size 1024K, 4 young (4096K), 4 survivors (4096K)
 Metaspace       used 27803K, capacity 28404K, committed 28464K, reserved 1075200K
  class space    used 2956K, capacity 3172K, committed 3200K, reserved 1048576K
}
Event: 3.022 GC heap before
{Heap before GC invocations=6 (full 0):
 garbage-first heap   total 260096K, used 125329K [0x0000000702200000, 0x0000000800000000)
  region size 1024K, 116 young (118784K), 4 survivors (4096K)
 Metaspace       used 32283K, capacity 33044K, committed 33200K, reserved 1079296K
  class space    used 3485K, capacity 3758K, committed 3840K, reserved 1048576K
}
Event: 3.031 GC heap after
{Heap after GC invocations=7 (full 0):
 garbage-first heap   total 260096K, used 13706K [0x0000000702200000, 0x0000000800000000)
  region size 1024K, 6 young (6144K), 6 survivors (6144K)
 Metaspace       used 32283K, capacity 33044K, committed 33200K, reserved 1079296K
  class space    used 3485K, capacity 3758K, committed 3840K, reserved 1048576K
}
Event: 3.819 GC heap before
{Heap before GC invocations=7 (full 0):
 garbage-first heap   total 260096K, used 64906K [0x0000000702200000, 0x0000000800000000)
  region size 1024K, 57 young (58368K), 6 survivors (6144K)
 Metaspace       used 34985K, capacity 35728K, committed 35888K, reserved 1081344K
  class space    used 3814K, capacity 4105K, committed 4224K, reserved 1048576K
}
Event: 3.833 GC heap after
{Heap after GC invocations=8 (full 0):
 garbage-first heap   total 312320K, used 14375K [0x0000000702200000, 0x0000000800000000)
  region size 1024K, 6 young (6144K), 6 survivors (6144K)
 Metaspace       used 34985K, capacity 35728K, committed 35888K, reserved 1081344K
  class space    used 3814K, capacity 4105K, committed 4224K, reserved 1048576K
}
Event: 5.895 GC heap before
{Heap before GC invocations=9 (full 0):
 garbage-first heap   total 312320K, used 194599K [0x0000000702200000, 0x0000000800000000)
  region size 1024K, 183 young (187392K), 6 survivors (6144K)
 Metaspace       used 43432K, capacity 44516K, committed 44848K, reserved 1089536K
  class space    used 4978K, capacity 5403K, committed 5504K, reserved 1048576K
}
Event: 5.907 GC heap after
{Heap after GC invocations=10 (full 0):
 garbage-first heap   total 312320K, used 18216K [0x0000000702200000, 0x0000000800000000)
  region size 1024K, 10 young (10240K), 10 survivors (10240K)
 Metaspace       used 43432K, capacity 44516K, committed 44848K, reserved 1089536K
  class space    used 4978K, capacity 5403K, committed 5504K, reserved 1048576K
}
Event: 7.688 GC heap before
{Heap before GC invocations=10 (full 0):
 garbage-first heap   total 312320K, used 194344K [0x0000000702200000, 0x0000000800000000)
  region size 1024K, 183 young (187392K), 10 survivors (10240K)
 Metaspace       used 55664K, capacity 56897K, committed 57136K, reserved 1099776K
  class space    used 6688K, capacity 7179K, committed 7296K, reserved 1048576K
}
Event: 7.699 GC heap after
{Heap after GC invocations=11 (full 0):
 garbage-first heap   total 312320K, used 21543K [0x0000000702200000, 0x0000000800000000)
  region size 1024K, 13 young (13312K), 13 survivors (13312K)
 Metaspace       used 55664K, capacity 56897K, committed 57136K, reserved 1099776K
  class space    used 6688K, capacity 7179K, committed 7296K, reserved 1048576K
}
Event: 8.354 GC heap before
{Heap before GC invocations=11 (full 0):
 garbage-first heap   total 312320K, used 69671K [0x0000000702200000, 0x0000000800000000)
  region size 1024K, 61 young (62464K), 13 survivors (13312K)
 Metaspace       used 58815K, capacity 60133K, committed 60240K, reserved 1101824K
  class space    used 7092K, capacity 7610K, committed 7680K, reserved 1048576K
}
Event: 8.386 GC heap after
{Heap after GC invocations=12 (full 0):
 garbage-first heap   total 312320K, used 23541K [0x0000000702200000, 0x0000000800000000)
  region size 1024K, 14 young (14336K), 14 survivors (14336K)
 Metaspace       used 58815K, capacity 60133K, committed 60240K, reserved 1101824K
  class space    used 7092K, capacity 7610K, committed 7680K, reserved 1048576K
}

