# JRE version: OpenJDK Runtime Environment Temurin-17.0.2+8 (17.0.2+8) (build 17.0.2+8)
# Java VM: OpenJDK 64-Bit Server VM Temurin-17.0.2+8 (17.0.2+8, mixed mode, emulated-client, tiered, compressed oops, compressed class ptrs, g1 gc, linux-amd64)
GC Precious Log:
 CPUs: 8 total, 8 available
 Memory: 15927M
 Large Page Support: Disabled
 NUMA Support: Disabled
 Compressed Oops: Enabled (Zero based)
 Heap Region Size: 2M
 Heap Min Capacity: 8M
 Heap Initial Capacity: 250M
 Heap Max Capacity: 3982M
 Pre-touch: Disabled
 Parallel Workers: 8
 Concurrent Workers: 2
 Concurrent Refinement Workers: 8
 Periodic GC: Disabled
Heap:
 garbage-first heap   total 194560K, used 121756K [0x0000000707200000, 0x0000000800000000)
  region size 2048K, 9 young (18432K), 4 survivors (8192K)
 Metaspace       used 95821K, committed 96576K, reserved 1138688K
  class space    used 12889K, committed 13248K, reserved 1048576K
GC Heap History (20 events):
Event: 178375.907 GC heap before
{Heap before GC invocations=652 (full 4):
 garbage-first heap   total 194560K, used 164627K [0x0000000707200000, 0x0000000800000000)
  region size 2048K, 25 young (51200K), 1 survivors (2048K)
 Metaspace       used 94442K, committed 95232K, reserved 1138688K
  class space    used 12760K, committed 13120K, reserved 1048576K
}
Event: 178375.911 GC heap after
{Heap after GC invocations=653 (full 4):
 garbage-first heap   total 194560K, used 115717K [0x0000000707200000, 0x0000000800000000)
  region size 2048K, 1 young (2048K), 1 survivors (2048K)
 Metaspace       used 94442K, committed 95232K, reserved 1138688K
  class space    used 12760K, committed 13120K, reserved 1048576K
}
Event: 178688.383 GC heap before
{Heap before GC invocations=653 (full 4):
 garbage-first heap   total 194560K, used 164869K [0x0000000707200000, 0x0000000800000000)
  region size 2048K, 25 young (51200K), 1 survivors (2048K)
 Metaspace       used 94443K, committed 95232K, reserved 1138688K
  class space    used 12760K, committed 13120K, reserved 1048576K
}
Event: 178688.384 GC heap after
{Heap after GC invocations=654 (full 4):
 garbage-first heap   total 194560K, used 115621K [0x0000000707200000, 0x0000000800000000)
  region size 2048K, 1 young (2048K), 1 survivors (2048K)
 Metaspace       used 94443K, committed 95232K, reserved 1138688K
  class space    used 12760K, committed 13120K, reserved 1048576K
}
Event: 179003.591 GC heap before
{Heap before GC invocations=654 (full 4):
 garbage-first heap   total 194560K, used 164773K [0x0000000707200000, 0x0000000800000000)
  region size 2048K, 25 young (51200K), 1 survivors (2048K)
 Metaspace       used 94443K, committed 95232K, reserved 1138688K
  class space    used 12760K, committed 13120K, reserved 1048576K
}
Event: 179003.593 GC heap after
{Heap after GC invocations=655 (full 4):
 garbage-first heap   total 194560K, used 115583K [0x0000000707200000, 0x0000000800000000)
  region size 2048K, 1 young (2048K), 1 survivors (2048K)
 Metaspace       used 94443K, committed 95232K, reserved 1138688K
  class space    used 12760K, committed 13120K, reserved 1048576K
}
Event: 179313.423 GC heap before
{Heap before GC invocations=655 (full 4):
 garbage-first heap   total 194560K, used 164735K [0x0000000707200000, 0x0000000800000000)
  region size 2048K, 25 young (51200K), 1 survivors (2048K)
 Metaspace       used 94443K, committed 95232K, reserved 1138688K
  class space    used 12760K, committed 13120K, reserved 1048576K
}
Event: 179313.425 GC heap after
{Heap after GC invocations=656 (full 4):
 garbage-first heap   total 194560K, used 115723K [0x0000000707200000, 0x0000000800000000)
  region size 2048K, 1 young (2048K), 1 survivors (2048K)
 Metaspace       used 94443K, committed 95232K, reserved 1138688K
  class space    used 12760K, committed 13120K, reserved 1048576K
}
Event: 179313.584 GC heap before
{Heap before GC invocations=656 (full 4):
 garbage-first heap   total 194560K, used 117771K [0x0000000707200000, 0x0000000800000000)
  region size 2048K, 3 young (6144K), 1 survivors (2048K)
 Metaspace       used 94446K, committed 95232K, reserved 1138688K
  class space    used 12761K, committed 13120K, reserved 1048576K
}
Event: 179313.629 GC heap after
{Heap after GC invocations=657 (full 5):
 garbage-first heap   total 194560K, used 104455K [0x0000000707200000, 0x0000000800000000)
  region size 2048K, 0 young (0K), 0 survivors (0K)
 Metaspace       used 94256K, committed 95232K, reserved 1138688K
  class space    used 12716K, committed 13120K, reserved 1048576K
}
Event: 179314.010 GC heap before
{Heap before GC invocations=657 (full 5):
 garbage-first heap   total 194560K, used 167943K [0x0000000707200000, 0x0000000800000000)
  region size 2048K, 31 young (63488K), 0 survivors (0K)
 Metaspace       used 94755K, committed 95488K, reserved 1138688K
  class space    used 12785K, committed 13120K, reserved 1048576K
}
Event: 179314.015 GC heap after
{Heap after GC invocations=658 (full 5):
 garbage-first heap   total 194560K, used 110148K [0x0000000707200000, 0x0000000800000000)
  region size 2048K, 3 young (6144K), 3 survivors (6144K)
 Metaspace       used 94755K, committed 95488K, reserved 1138688K
  class space    used 12785K, committed 13120K, reserved 1048576K
}
Event: 179366.612 GC heap before
{Heap before GC invocations=658 (full 5):
 garbage-first heap   total 194560K, used 163396K [0x0000000707200000, 0x0000000800000000)
  region size 2048K, 29 young (59392K), 3 survivors (6144K)
 Metaspace       used 95100K, committed 95808K, reserved 1138688K
  class space    used 12817K, committed 13120K, reserved 1048576K
}
Event: 179366.618 GC heap after
{Heap after GC invocations=659 (full 5):
 garbage-first heap   total 194560K, used 114929K [0x0000000707200000, 0x0000000800000000)
  region size 2048K, 3 young (6144K), 3 survivors (6144K)
 Metaspace       used 95100K, committed 95808K, reserved 1138688K
  class space    used 12817K, committed 13120K, reserved 1048576K
}
Event: 179407.336 GC heap before
{Heap before GC invocations=659 (full 5):
 garbage-first heap   total 194560K, used 123121K [0x0000000707200000, 0x0000000800000000)
  region size 2048K, 8 young (16384K), 3 survivors (6144K)
 Metaspace       used 95109K, committed 95808K, reserved 1138688K
  class space    used 12819K, committed 13120K, reserved 1048576K
}
Event: 179407.386 GC heap after
{Heap after GC invocations=660 (full 6):
 garbage-first heap   total 194560K, used 106334K [0x0000000707200000, 0x0000000800000000)
  region size 2048K, 0 young (0K), 0 survivors (0K)
 Metaspace       used 95032K, committed 95808K, reserved 1138688K
  class space    used 12799K, committed 13120K, reserved 1048576K
}
Event: 179407.744 GC heap before
{Heap before GC invocations=660 (full 6):
 garbage-first heap   total 194560K, used 157534K [0x0000000707200000, 0x0000000800000000)
  region size 2048K, 26 young (53248K), 0 survivors (0K)
 Metaspace       used 95362K, committed 96064K, reserved 1138688K
  class space    used 12842K, committed 13184K, reserved 1048576K
}
Event: 179407.747 GC heap after
{Heap after GC invocations=661 (full 6):
 garbage-first heap   total 194560K, used 109865K [0x0000000707200000, 0x0000000800000000)
  region size 2048K, 2 young (4096K), 2 survivors (4096K)
 Metaspace       used 95362K, committed 96064K, reserved 1138688K
  class space    used 12842K, committed 13184K, reserved 1048576K
}
Event: 179412.583 GC heap before
{Heap before GC invocations=661 (full 6):
 garbage-first heap   total 194560K, used 159017K [0x0000000707200000, 0x0000000800000000)
  region size 2048K, 26 young (53248K), 2 survivors (4096K)
 Metaspace       used 95813K, committed 96576K, reserved 1138688K
  class space    used 12889K, committed 13248K, reserved 1048576K
}
Event: 179412.588 GC heap after
{Heap after GC invocations=662 (full 6):
 garbage-first heap   total 194560K, used 113564K [0x0000000707200000, 0x0000000800000000)
  region size 2048K, 4 young (8192K), 4 survivors (8192K)
 Metaspace       used 95813K, committed 96576K, reserved 1138688K
  class space    used 12889K, committed 13248K, reserved 1048576K
}

